<?xml version="1.0" encoding="UTF-8"?>
<!-- Generated by org.testng.reporters.JUnitReportReporter -->
<testsuite skipped="0" hostname="Kumar-PC" name="account.Hello" tests="1" failures="0" timestamp="31 Aug 2017 16:24:07 GMT" time="30.480" errors="0">
  <testcase name="run" time="30.480" classname="account.Hello"/>
</testsuite> <!-- account.Hello -->
